Not Found: /users/
"GET /users/ HTTP/1.1" 404 3379
Not Found: /users
"GET /users HTTP/1.1" 404 3376
Not Found: /users
"GET /users HTTP/1.1" 404 3376
Not Found: /users
"GET /users HTTP/1.1" 404 3376
Not Found: /users
"GET /users HTTP/1.1" 404 3376
Not Found: /login/
"POST /login/ HTTP/1.1" 404 3619
Not Found: /login/
"POST /login/?username=ives@gmail.com&password=qwe123 HTTP/1.1" 404 3663
Not Found: /login/
"POST /login/?username=ives@gmail.com&password=qwe123 HTTP/1.1" 404 3663
Not Found: /login/
"POST /login/?username=ives@gmail.com&password=qwe123 HTTP/1.1" 404 3663
Not Found: /login/
"POST /login/?username=ives@gmail.com&password=qwe123 HTTP/1.1" 404 3663
Not Found: /login/
"POST /login/ HTTP/1.1" 404 3619
Not Found: /login/
"POST /login/ HTTP/1.1" 404 3619
Unauthorized: /users/
"GET /users/ HTTP/1.1" 401 58
